<?xml version="1.0" encoding="UTF-8"?>
<!-- Generated by org.testng.reporters.JUnitXMLReporter -->
<testsuite hostname="IVC17-046" ignored="0" name="EmployeesRestAPITest" tests="33" failures="0" timestamp="27 Jun 2021 12:38:20 GMT" time="12.523" errors="0">
  <testcase name="@BeforeClass deleteEmployee" time="0.601" classname="com.emp.testcases.TC005_DeleteEmpInfo">
    <failure type="io.restassured.path.json.exception.JsonPathException" message="Failed to parse the JSON document">
      <![CDATA[io.restassured.path.json.exception.JsonPathException: Failed to parse the JSON document
at io.restassured.path.json.JsonPath$ExceptionCatcher.invoke(JsonPath.java:986)
at io.restassured.path.json.JsonPath$4.doParseWith(JsonPath.java:951)
at io.restassured.path.json.JsonPath$JsonParser.parseWith(JsonPath.java:1031)
at io.restassured.path.json.JsonPath.get(JsonPath.java:202)
at com.emp.testcases.TC005_DeleteEmpInfo.deleteEmployee(TC005_DeleteEmpInfo.java:35)
Caused by: groovy.json.JsonException: Lexing failed on line: 1, column: 1, while reading '<', no possible valid JSON value or punctuation could be recognized.
at groovy.json.JsonLexer.nextToken(JsonLexer.java:87)
at groovy.json.JsonLexer$nextToken.call(Unknown Source)
at org.codehaus.groovy.runtime.callsite.CallSiteArray.defaultCall(CallSiteArray.java:47)
at org.codehaus.groovy.runtime.callsite.AbstractCallSite.call(AbstractCallSite.java:116)
at org.codehaus.groovy.runtime.callsite.AbstractCallSite.call(AbstractCallSite.java:120)
at io.restassured.internal.path.json.ConfigurableJsonSlurper.parse(ConfigurableJsonSlurper.groovy:97)
at io.restassured.internal.path.json.ConfigurableJsonSlurper$parse.callCurrent(Unknown Source)
at org.codehaus.groovy.runtime.callsite.CallSiteArray.defaultCallCurrent(CallSiteArray.java:51)
at org.codehaus.groovy.runtime.callsite.AbstractCallSite.callCurrent(AbstractCallSite.java:157)
at org.codehaus.groovy.runtime.callsite.AbstractCallSite.callCurrent(AbstractCallSite.java:169)
at io.restassured.internal.path.json.ConfigurableJsonSlurper.parseText(ConfigurableJsonSlurper.groovy:83)
at io.restassured.path.json.JsonPath$4$1.method(JsonPath.java:949)
at io.restassured.path.json.JsonPath$ExceptionCatcher.invoke(JsonPath.java:984)
... 33 more
... Removed 29 stack frames]]>
    </failure>
  </testcase> <!-- @BeforeClass deleteEmployee -->
  <testcase name="@AfterClass tearDown" time="0.0" classname="com.emp.testcases.TC005_DeleteEmpInfo">
    <skipped/>
  </testcase> <!-- @AfterClass tearDown -->
  <testcase name="checkContentEncoding" time="0.003" classname="com.emp.testcases.TC001_GetAllEmpInfo"/>
  <testcase name="checkContentLength" time="0.001" classname="com.emp.testcases.TC001_GetAllEmpInfo"/>
  <testcase name="checkContentType" time="0.001" classname="com.emp.testcases.TC001_GetAllEmpInfo"/>
  <testcase name="checkCookies" time="0.001" classname="com.emp.testcases.TC001_GetAllEmpInfo"/>
  <testcase name="checkResponseBody" time="0.014" classname="com.emp.testcases.TC001_GetAllEmpInfo"/>
  <testcase name="checkResponseTime" time="0.001" classname="com.emp.testcases.TC001_GetAllEmpInfo"/>
  <testcase name="checkServerType" time="0.0" classname="com.emp.testcases.TC001_GetAllEmpInfo"/>
  <testcase name="checkStatusCode" time="0.001" classname="com.emp.testcases.TC001_GetAllEmpInfo"/>
  <testcase name="statusLine" time="0.001" classname="com.emp.testcases.TC001_GetAllEmpInfo"/>
  <testcase name="checkContentType" time="0.0" classname="com.emp.testcases.TC002_GetEmpInfo"/>
  <testcase name="checkResponseBody" time="0.004" classname="com.emp.testcases.TC002_GetEmpInfo"/>
  <testcase name="checkResponseTime" time="0.0" classname="com.emp.testcases.TC002_GetEmpInfo"/>
  <testcase name="checkServerType" time="0.0" classname="com.emp.testcases.TC002_GetEmpInfo"/>
  <testcase name="checkStatusCode" time="0.0" classname="com.emp.testcases.TC002_GetEmpInfo"/>
  <testcase name="statusLine" time="0.0" classname="com.emp.testcases.TC002_GetEmpInfo"/>
  <testcase name="checkContentType" time="0.001" classname="com.emp.testcases.TC003_PostEmpInfo"/>
  <testcase name="checkResposeBody" time="0.001" classname="com.emp.testcases.TC003_PostEmpInfo"/>
  <testcase name="checkStatusCode" time="0.001" classname="com.emp.testcases.TC003_PostEmpInfo"/>
  <testcase name="checkcontentEncoding" time="0.0" classname="com.emp.testcases.TC003_PostEmpInfo"/>
  <testcase name="checkserverType" time="0.0" classname="com.emp.testcases.TC003_PostEmpInfo"/>
  <testcase name="checkstatusLine" time="0.0" classname="com.emp.testcases.TC003_PostEmpInfo"/>
  <testcase name="checkContentType" time="0.0" classname="com.emp.testcases.TC004_PutEmpInfo"/>
  <testcase name="checkResposeBody" time="0.0" classname="com.emp.testcases.TC004_PutEmpInfo"/>
  <testcase name="checkStatusCode" time="0.0" classname="com.emp.testcases.TC004_PutEmpInfo"/>
  <testcase name="checkcontentEncoding" time="0.0" classname="com.emp.testcases.TC004_PutEmpInfo"/>
  <testcase name="checkserverType" time="0.0" classname="com.emp.testcases.TC004_PutEmpInfo"/>
  <testcase name="checkstatusLine" time="0.0" classname="com.emp.testcases.TC004_PutEmpInfo"/>
  <testcase name="checkContentType" time="0.0" classname="com.emp.testcases.TC005_DeleteEmpInfo">
    <skipped/>
  </testcase> <!-- checkContentType -->
  <testcase name="checkResposeBody" time="0.0" classname="com.emp.testcases.TC005_DeleteEmpInfo">
    <skipped/>
  </testcase> <!-- checkResposeBody -->
  <testcase name="checkStatusCode" time="0.0" classname="com.emp.testcases.TC005_DeleteEmpInfo">
    <skipped/>
  </testcase> <!-- checkStatusCode -->
  <testcase name="checkcontentEncoding" time="0.0" classname="com.emp.testcases.TC005_DeleteEmpInfo">
    <skipped/>
  </testcase> <!-- checkcontentEncoding -->
  <testcase name="checkserverType" time="0.0" classname="com.emp.testcases.TC005_DeleteEmpInfo">
    <skipped/>
  </testcase> <!-- checkserverType -->
  <testcase name="checkstatusLine" time="0.0" classname="com.emp.testcases.TC005_DeleteEmpInfo">
    <skipped/>
  </testcase> <!-- checkstatusLine -->
</testsuite> <!-- EmployeesRestAPITest -->
