<?xml version="1.0" encoding="UTF-8"?>
<testsuite name="TestSuite" time="0.651" tests="35" errors="0" skipped="7" failures="1">
  <properties>
[...]
</properties>
  <testcase name="checkContentEncoding" classname="com.emp.testcases.TC001_GetAllEmpInfo" time="0.003"/>
  <testcase name="checkContentLength" classname="com.emp.testcases.TC001_GetAllEmpInfo" time="0.001"/>
  <testcase name="checkContentType" classname="com.emp.testcases.TC001_GetAllEmpInfo" time="0"/>
  <testcase name="checkCookies" classname="com.emp.testcases.TC001_GetAllEmpInfo" time="0.001"/>
  <testcase name="checkResponseBody" classname="com.emp.testcases.TC001_GetAllEmpInfo" time="0.025"/>
  <testcase name="checkResponseTime" classname="com.emp.testcases.TC001_GetAllEmpInfo" time="0"/>
  <testcase name="checkServerType" classname="com.emp.testcases.TC001_GetAllEmpInfo" time="0.001"/>
  <testcase name="checkStatusCode" classname="com.emp.testcases.TC001_GetAllEmpInfo" time="0.001"/>
  <testcase name="statusLine" classname="com.emp.testcases.TC001_GetAllEmpInfo" time="0.001"/>
  <testcase name="checkContentType" classname="com.emp.testcases.TC002_GetEmpInfo" time="0"/>
  <testcase name="checkResponseBody" classname="com.emp.testcases.TC002_GetEmpInfo" time="0.006"/>
  <testcase name="checkResponseTime" classname="com.emp.testcases.TC002_GetEmpInfo" time="0"/>
  <testcase name="checkServerType" classname="com.emp.testcases.TC002_GetEmpInfo" time="0"/>
  <testcase name="checkStatusCode" classname="com.emp.testcases.TC002_GetEmpInfo" time="0"/>
  <testcase name="statusLine" classname="com.emp.testcases.TC002_GetEmpInfo" time="0"/>
  <testcase name="checkContentType" classname="com.emp.testcases.TC003_PostEmpInfo" time="0"/>
  <testcase name="checkResposeBody" classname="com.emp.testcases.TC003_PostEmpInfo" time="0"/>
  <testcase name="checkStatusCode" classname="com.emp.testcases.TC003_PostEmpInfo" time="0"/>
  <testcase name="checkcontentEncoding" classname="com.emp.testcases.TC003_PostEmpInfo" time="0"/>
  <testcase name="checkserverType" classname="com.emp.testcases.TC003_PostEmpInfo" time="0"/>
  <testcase name="checkstatusLine" classname="com.emp.testcases.TC003_PostEmpInfo" time="0"/>
  <testcase name="checkContentType" classname="com.emp.testcases.TC004_PutEmpInfo" time="0"/>
  <testcase name="checkResposeBody" classname="com.emp.testcases.TC004_PutEmpInfo" time="0.001"/>
  <testcase name="checkStatusCode" classname="com.emp.testcases.TC004_PutEmpInfo" time="0"/>
  <testcase name="checkcontentEncoding" classname="com.emp.testcases.TC004_PutEmpInfo" time="0"/>
  <testcase name="checkserverType" classname="com.emp.testcases.TC004_PutEmpInfo" time="0"/>
  <testcase name="checkstatusLine" classname="com.emp.testcases.TC004_PutEmpInfo" time="0"/>
  <testcase name="deleteEmployee" classname="com.emp.testcases.TC005_DeleteEmpInfo" time="0.611">
    <failure message="Failed to parse the JSON document" type="io.restassured.path.json.exception.JsonPathException">io.restassured.path.json.exception.JsonPathException: Failed to parse the JSON document
	at groovy.json.JsonLexer.nextToken(JsonLexer.java:87)
	at groovy.json.JsonLexer$nextToken.call(Unknown Source)
	at org.codehaus.groovy.runtime.callsite.CallSiteArray.defaultCall(CallSiteArray.java:47)
	at org.codehaus.groovy.runtime.callsite.AbstractCallSite.call(AbstractCallSite.java:116)
	at org.codehaus.groovy.runtime.callsite.AbstractCallSite.call(AbstractCallSite.java:120)
	at io.restassured.internal.path.json.ConfigurableJsonSlurper.parse(ConfigurableJsonSlurper.groovy:97)
	at io.restassured.internal.path.json.ConfigurableJsonSlurper$parse.callCurrent(Unknown Source)
	at org.codehaus.groovy.runtime.callsite.CallSiteArray.defaultCallCurrent(CallSiteArray.java:51)
	at org.codehaus.groovy.runtime.callsite.AbstractCallSite.callCurrent(AbstractCallSite.java:157)
	at org.codehaus.groovy.runtime.callsite.AbstractCallSite.callCurrent(AbstractCallSite.java:169)
	at io.restassured.internal.path.json.ConfigurableJsonSlurper.parseText(ConfigurableJsonSlurper.groovy:83)
	at io.restassured.path.json.JsonPath$4$1.method(JsonPath.java:949)
	at io.restassured.path.json.JsonPath$ExceptionCatcher.invoke(JsonPath.java:984)
	at io.restassured.path.json.JsonPath$4.doParseWith(JsonPath.java:951)
	at io.restassured.path.json.JsonPath$JsonParser.parseWith(JsonPath.java:1031)
	at io.restassured.path.json.JsonPath.get(JsonPath.java:202)
	at com.emp.testcases.TC005_DeleteEmpInfo.deleteEmployee(TC005_DeleteEmpInfo.java:35)
</failure>
    <system-out><![CDATA[2021-06-27 08:38:19 INFO  EmployeesRestAPI:115 - *********  Finished TC004_update_Employee_Record **********
2021-06-27 08:38:19 INFO  EmployeesRestAPI:24 - *********Started TC005_Delete_Employee_Record **********
]]></system-out>
  </testcase>
  <testcase name="checkContentType" classname="com.emp.testcases.TC005_DeleteEmpInfo" time="0">
    <skipped/>
  </testcase>
  <testcase name="checkResposeBody" classname="com.emp.testcases.TC005_DeleteEmpInfo" time="0">
    <skipped/>
  </testcase>
  <testcase name="checkStatusCode" classname="com.emp.testcases.TC005_DeleteEmpInfo" time="0">
    <skipped/>
  </testcase>
  <testcase name="checkcontentEncoding" classname="com.emp.testcases.TC005_DeleteEmpInfo" time="0">
    <skipped/>
  </testcase>
  <testcase name="checkserverType" classname="com.emp.testcases.TC005_DeleteEmpInfo" time="0">
    <skipped/>
  </testcase>
  <testcase name="checkstatusLine" classname="com.emp.testcases.TC005_DeleteEmpInfo" time="0">
    <skipped/>
  </testcase>
  <testcase name="tearDown" classname="com.emp.testcases.TC005_DeleteEmpInfo" time="0">
    <skipped/>
  </testcase>
</testsuite>